2022-05-01_18-20-24 [restartedMain] ERROR o.s.boot.SpringApplication - Application run failed
org.springframework.beans.factory.BeanCreationException: Error creating bean with name 'entityManagerFactory' defined in class path resource [org/springframework/boot/autoconfigure/orm/jpa/HibernateJpaConfiguration.class]: Initialization of bean failed; nested exception is org.springframework.jdbc.datasource.init.ScriptStatementFailedException: Failed to execute SQL script statement #10 of URL [file:/C:/Users/HP/Downloads/Pension-Management-System-main/Pension-Management-System-main/PensionerDetail-Microservice/target/classes/data.sql]: insert into pensioner (aadhar, name, dob, pan,salary,allowances,pension,bank,accnumber,banktype) values (654738376757,'Rupitha','1998-02-23','GHFFM67983',87000,8000,'self','ICICI',8130674523,'private') insert into pensioner (aadhar, name, dob, pan,salary,allowances,pension,bank,accnumber,banktype) values (656756476757,'Vaijayanthi','1999-11-28','PCASD1234Q',27000,10000,'family','SBI',8130234567,'public'); nested exception is org.h2.jdbc.JdbcSQLSyntaxErrorException: Syntax error in SQL statement "INSERT INTO PENSIONER (AADHAR, NAME, DOB, PAN,SALARY,ALLOWANCES,PENSION,BANK,ACCNUMBER,BANKTYPE) VALUES (654738376757,'Rupitha','1998-02-23','GHFFM67983',87000,8000,'self','ICICI',8130674523,'private') INSERT[*] INTO PENSIONER (AADHAR, NAME, DOB, PAN,SALARY,ALLOWANCES,PENSION,BANK,ACCNUMBER,BANKTYPE) VALUES (656756476757,'Vaijayanthi','1999-11-28','PCASD1234Q',27000,10000,'family','SBI',8130234567,'public')"; SQL statement:
insert into pensioner (aadhar, name, dob, pan,salary,allowances,pension,bank,accnumber,banktype) values (654738376757,'Rupitha','1998-02-23','GHFFM67983',87000,8000,'self','ICICI',8130674523,'private') insert into pensioner (aadhar, name, dob, pan,salary,allowances,pension,bank,accnumber,banktype) values (656756476757,'Vaijayanthi','1999-11-28','PCASD1234Q',27000,10000,'family','SBI',8130234567,'public') [42000-200]
	at org.springframework.beans.factory.support.AbstractAutowireCapableBeanFactory.doCreateBean(AbstractAutowireCapableBeanFactory.java:617)
	at org.springframework.beans.factory.support.AbstractAutowireCapableBeanFactory.createBean(AbstractAutowireCapableBeanFactory.java:531)
	at org.springframework.beans.factory.support.AbstractBeanFactory.lambda$doGetBean$0(AbstractBeanFactory.java:335)
	at org.springframework.beans.factory.support.DefaultSingletonBeanRegistry.getSingleton(DefaultSingletonBeanRegistry.java:234)
	at org.springframework.beans.factory.support.AbstractBeanFactory.doGetBean(AbstractBeanFactory.java:333)
	at org.springframework.beans.factory.support.AbstractBeanFactory.getBean(AbstractBeanFactory.java:208)
	at org.springframework.context.support.AbstractApplicationContext.getBean(AbstractApplicationContext.java:1159)
	at org.springframework.context.support.AbstractApplicationContext.finishBeanFactoryInitialization(AbstractApplicationContext.java:913)
	at org.springframework.context.support.AbstractApplicationContext.refresh(AbstractApplicationContext.java:588)
	at org.springframework.boot.web.servlet.context.ServletWebServerApplicationContext.refresh(ServletWebServerApplicationContext.java:144)
	at org.springframework.boot.SpringApplication.refresh(SpringApplication.java:767)
	at org.springframework.boot.SpringApplication.refresh(SpringApplication.java:759)
	at org.springframework.boot.SpringApplication.refreshContext(SpringApplication.java:426)
	at org.springframework.boot.SpringApplication.run(SpringApplication.java:326)
	at org.springframework.boot.SpringApplication.run(SpringApplication.java:1311)
	at org.springframework.boot.SpringApplication.run(SpringApplication.java:1300)
	at com.cts.pensioner.detail.PensionerDetailMicroserviceApplication.main(PensionerDetailMicroserviceApplication.java:12)
	at sun.reflect.NativeMethodAccessorImpl.invoke0(Native Method)
	at sun.reflect.NativeMethodAccessorImpl.invoke(Unknown Source)
	at sun.reflect.DelegatingMethodAccessorImpl.invoke(Unknown Source)
	at java.lang.reflect.Method.invoke(Unknown Source)
	at org.springframework.boot.devtools.restart.RestartLauncher.run(RestartLauncher.java:49)
Caused by: org.springframework.jdbc.datasource.init.ScriptStatementFailedException: Failed to execute SQL script statement #10 of URL [file:/C:/Users/HP/Downloads/Pension-Management-System-main/Pension-Management-System-main/PensionerDetail-Microservice/target/classes/data.sql]: insert into pensioner (aadhar, name, dob, pan,salary,allowances,pension,bank,accnumber,banktype) values (654738376757,'Rupitha','1998-02-23','GHFFM67983',87000,8000,'self','ICICI',8130674523,'private') insert into pensioner (aadhar, name, dob, pan,salary,allowances,pension,bank,accnumber,banktype) values (656756476757,'Vaijayanthi','1999-11-28','PCASD1234Q',27000,10000,'family','SBI',8130234567,'public'); nested exception is org.h2.jdbc.JdbcSQLSyntaxErrorException: Syntax error in SQL statement "INSERT INTO PENSIONER (AADHAR, NAME, DOB, PAN,SALARY,ALLOWANCES,PENSION,BANK,ACCNUMBER,BANKTYPE) VALUES (654738376757,'Rupitha','1998-02-23','GHFFM67983',87000,8000,'self','ICICI',8130674523,'private') INSERT[*] INTO PENSIONER (AADHAR, NAME, DOB, PAN,SALARY,ALLOWANCES,PENSION,BANK,ACCNUMBER,BANKTYPE) VALUES (656756476757,'Vaijayanthi','1999-11-28','PCASD1234Q',27000,10000,'family','SBI',8130234567,'public')"; SQL statement:
insert into pensioner (aadhar, name, dob, pan,salary,allowances,pension,bank,accnumber,banktype) values (654738376757,'Rupitha','1998-02-23','GHFFM67983',87000,8000,'self','ICICI',8130674523,'private') insert into pensioner (aadhar, name, dob, pan,salary,allowances,pension,bank,accnumber,banktype) values (656756476757,'Vaijayanthi','1999-11-28','PCASD1234Q',27000,10000,'family','SBI',8130234567,'public') [42000-200]
	at org.springframework.jdbc.datasource.init.ScriptUtils.executeSqlScript(ScriptUtils.java:622)
	at org.springframework.jdbc.datasource.init.ResourceDatabasePopulator.populate(ResourceDatabasePopulator.java:254)
	at org.springframework.jdbc.datasource.init.DatabasePopulatorUtils.execute(DatabasePopulatorUtils.java:49)
	at org.springframework.boot.autoconfigure.jdbc.DataSourceInitializer.runScripts(DataSourceInitializer.java:202)
	at org.springframework.boot.autoconfigure.jdbc.DataSourceInitializer.initSchema(DataSourceInitializer.java:119)
	at org.springframework.boot.autoconfigure.jdbc.DataSourceInitializerInvoker.onApplicationEvent(DataSourceInitializerInvoker.java:91)
	at org.springframework.boot.autoconfigure.jdbc.DataSourceInitializerInvoker.onApplicationEvent(DataSourceInitializerInvoker.java:38)
	at org.springframework.context.event.SimpleApplicationEventMulticaster.doInvokeListener(SimpleApplicationEventMulticaster.java:176)
	at org.springframework.context.event.SimpleApplicationEventMulticaster.invokeListener(SimpleApplicationEventMulticaster.java:169)
	at org.springframework.context.event.SimpleApplicationEventMulticaster.multicastEvent(SimpleApplicationEventMulticaster.java:143)
	at org.springframework.context.support.AbstractApplicationContext.publishEvent(AbstractApplicationContext.java:426)
	at org.springframework.context.support.AbstractApplicationContext.publishEvent(AbstractApplicationContext.java:383)
	at org.springframework.boot.autoconfigure.orm.jpa.DataSourceInitializedPublisher.publishEventIfRequired(DataSourceInitializedPublisher.java:110)
	at org.springframework.boot.autoconfigure.orm.jpa.DataSourceInitializedPublisher.postProcessAfterInitialization(DataSourceInitializedPublisher.java:101)
	at org.springframework.beans.factory.support.AbstractAutowireCapableBeanFactory.applyBeanPostProcessorsAfterInitialization(AbstractAutowireCapableBeanFactory.java:444)
	at org.springframework.beans.factory.support.AbstractAutowireCapableBeanFactory.initializeBean(AbstractAutowireCapableBeanFactory.java:1792)
	at org.springframework.beans.factory.support.AbstractAutowireCapableBeanFactory.doCreateBean(AbstractAutowireCapableBeanFactory.java:609)
	... 21 common frames omitted
Caused by: org.h2.jdbc.JdbcSQLSyntaxErrorException: Syntax error in SQL statement "INSERT INTO PENSIONER (AADHAR, NAME, DOB, PAN,SALARY,ALLOWANCES,PENSION,BANK,ACCNUMBER,BANKTYPE) VALUES (654738376757,'Rupitha','1998-02-23','GHFFM67983',87000,8000,'self','ICICI',8130674523,'private') INSERT[*] INTO PENSIONER (AADHAR, NAME, DOB, PAN,SALARY,ALLOWANCES,PENSION,BANK,ACCNUMBER,BANKTYPE) VALUES (656756476757,'Vaijayanthi','1999-11-28','PCASD1234Q',27000,10000,'family','SBI',8130234567,'public')"; SQL statement:
insert into pensioner (aadhar, name, dob, pan,salary,allowances,pension,bank,accnumber,banktype) values (654738376757,'Rupitha','1998-02-23','GHFFM67983',87000,8000,'self','ICICI',8130674523,'private') insert into pensioner (aadhar, name, dob, pan,salary,allowances,pension,bank,accnumber,banktype) values (656756476757,'Vaijayanthi','1999-11-28','PCASD1234Q',27000,10000,'family','SBI',8130234567,'public') [42000-200]
	at org.h2.message.DbException.getJdbcSQLException(DbException.java:453)
	at org.h2.message.DbException.getJdbcSQLException(DbException.java:429)
	at org.h2.message.DbException.get(DbException.java:205)
	at org.h2.message.DbException.get(DbException.java:181)
	at org.h2.message.DbException.getSyntaxError(DbException.java:229)
	at org.h2.command.Parser.getSyntaxError(Parser.java:1051)
	at org.h2.command.Parser.prepareCommand(Parser.java:741)
	at org.h2.engine.Session.prepareLocal(Session.java:657)
	at org.h2.engine.Session.prepareCommand(Session.java:595)
	at org.h2.jdbc.JdbcConnection.prepareCommand(JdbcConnection.java:1235)
	at org.h2.jdbc.JdbcStatement.executeInternal(JdbcStatement.java:212)
	at org.h2.jdbc.JdbcStatement.execute(JdbcStatement.java:201)
	at com.zaxxer.hikari.pool.ProxyStatement.execute(ProxyStatement.java:95)
	at com.zaxxer.hikari.pool.HikariProxyStatement.execute(HikariProxyStatement.java)
	at org.springframework.jdbc.datasource.init.ScriptUtils.executeSqlScript(ScriptUtils.java:601)
	... 37 common frames omitted
2022-05-01_18-34-42 [restartedMain] ERROR o.s.boot.SpringApplication - Application run failed
org.springframework.beans.factory.BeanCreationException: Error creating bean with name 'entityManagerFactory' defined in class path resource [org/springframework/boot/autoconfigure/orm/jpa/HibernateJpaConfiguration.class]: Initialization of bean failed; nested exception is org.springframework.jdbc.datasource.init.ScriptStatementFailedException: Failed to execute SQL script statement #10 of URL [file:/C:/Users/HP/Downloads/Pension-Management-System-main/Pension-Management-System-main/PensionerDetail-Microservice/target/classes/data.sql]: insert into pensioner (aadhar, name, dob, pan,salary,allowances,pension,bank,accnumber,banktype) values (654738376757,'Rupitha','1997-01-30','LSAHC9838F',87000,8000,'self','ICICI',9128465730,'private') insert into pensioner (aadhar, name, dob, pan,salary,allowances,pension,bank,accnumber,banktype) values (656756476757,'Vaijayanthi','1999-12-26','KWSCG53871',27000,10000,'family','SBI',6712893450,'public'); nested exception is org.h2.jdbc.JdbcSQLSyntaxErrorException: Syntax error in SQL statement "INSERT INTO PENSIONER (AADHAR, NAME, DOB, PAN,SALARY,ALLOWANCES,PENSION,BANK,ACCNUMBER,BANKTYPE) VALUES (654738376757,'Rupitha','1997-01-30','LSAHC9838F',87000,8000,'self','ICICI',9128465730,'private') INSERT[*] INTO PENSIONER (AADHAR, NAME, DOB, PAN,SALARY,ALLOWANCES,PENSION,BANK,ACCNUMBER,BANKTYPE) VALUES (656756476757,'Vaijayanthi','1999-12-26','KWSCG53871',27000,10000,'family','SBI',6712893450,'public')"; SQL statement:
insert into pensioner (aadhar, name, dob, pan,salary,allowances,pension,bank,accnumber,banktype) values (654738376757,'Rupitha','1997-01-30','LSAHC9838F',87000,8000,'self','ICICI',9128465730,'private') insert into pensioner (aadhar, name, dob, pan,salary,allowances,pension,bank,accnumber,banktype) values (656756476757,'Vaijayanthi','1999-12-26','KWSCG53871',27000,10000,'family','SBI',6712893450,'public') [42000-200]
	at org.springframework.beans.factory.support.AbstractAutowireCapableBeanFactory.doCreateBean(AbstractAutowireCapableBeanFactory.java:617)
	at org.springframework.beans.factory.support.AbstractAutowireCapableBeanFactory.createBean(AbstractAutowireCapableBeanFactory.java:531)
	at org.springframework.beans.factory.support.AbstractBeanFactory.lambda$doGetBean$0(AbstractBeanFactory.java:335)
	at org.springframework.beans.factory.support.DefaultSingletonBeanRegistry.getSingleton(DefaultSingletonBeanRegistry.java:234)
	at org.springframework.beans.factory.support.AbstractBeanFactory.doGetBean(AbstractBeanFactory.java:333)
	at org.springframework.beans.factory.support.AbstractBeanFactory.getBean(AbstractBeanFactory.java:208)
	at org.springframework.context.support.AbstractApplicationContext.getBean(AbstractApplicationContext.java:1159)
	at org.springframework.context.support.AbstractApplicationContext.finishBeanFactoryInitialization(AbstractApplicationContext.java:913)
	at org.springframework.context.support.AbstractApplicationContext.refresh(AbstractApplicationContext.java:588)
	at org.springframework.boot.web.servlet.context.ServletWebServerApplicationContext.refresh(ServletWebServerApplicationContext.java:144)
	at org.springframework.boot.SpringApplication.refresh(SpringApplication.java:767)
	at org.springframework.boot.SpringApplication.refresh(SpringApplication.java:759)
	at org.springframework.boot.SpringApplication.refreshContext(SpringApplication.java:426)
	at org.springframework.boot.SpringApplication.run(SpringApplication.java:326)
	at org.springframework.boot.SpringApplication.run(SpringApplication.java:1311)
	at org.springframework.boot.SpringApplication.run(SpringApplication.java:1300)
	at com.cts.pensioner.detail.PensionerDetailMicroserviceApplication.main(PensionerDetailMicroserviceApplication.java:12)
	at sun.reflect.NativeMethodAccessorImpl.invoke0(Native Method)
	at sun.reflect.NativeMethodAccessorImpl.invoke(Unknown Source)
	at sun.reflect.DelegatingMethodAccessorImpl.invoke(Unknown Source)
	at java.lang.reflect.Method.invoke(Unknown Source)
	at org.springframework.boot.devtools.restart.RestartLauncher.run(RestartLauncher.java:49)
Caused by: org.springframework.jdbc.datasource.init.ScriptStatementFailedException: Failed to execute SQL script statement #10 of URL [file:/C:/Users/HP/Downloads/Pension-Management-System-main/Pension-Management-System-main/PensionerDetail-Microservice/target/classes/data.sql]: insert into pensioner (aadhar, name, dob, pan,salary,allowances,pension,bank,accnumber,banktype) values (654738376757,'Rupitha','1997-01-30','LSAHC9838F',87000,8000,'self','ICICI',9128465730,'private') insert into pensioner (aadhar, name, dob, pan,salary,allowances,pension,bank,accnumber,banktype) values (656756476757,'Vaijayanthi','1999-12-26','KWSCG53871',27000,10000,'family','SBI',6712893450,'public'); nested exception is org.h2.jdbc.JdbcSQLSyntaxErrorException: Syntax error in SQL statement "INSERT INTO PENSIONER (AADHAR, NAME, DOB, PAN,SALARY,ALLOWANCES,PENSION,BANK,ACCNUMBER,BANKTYPE) VALUES (654738376757,'Rupitha','1997-01-30','LSAHC9838F',87000,8000,'self','ICICI',9128465730,'private') INSERT[*] INTO PENSIONER (AADHAR, NAME, DOB, PAN,SALARY,ALLOWANCES,PENSION,BANK,ACCNUMBER,BANKTYPE) VALUES (656756476757,'Vaijayanthi','1999-12-26','KWSCG53871',27000,10000,'family','SBI',6712893450,'public')"; SQL statement:
insert into pensioner (aadhar, name, dob, pan,salary,allowances,pension,bank,accnumber,banktype) values (654738376757,'Rupitha','1997-01-30','LSAHC9838F',87000,8000,'self','ICICI',9128465730,'private') insert into pensioner (aadhar, name, dob, pan,salary,allowances,pension,bank,accnumber,banktype) values (656756476757,'Vaijayanthi','1999-12-26','KWSCG53871',27000,10000,'family','SBI',6712893450,'public') [42000-200]
	at org.springframework.jdbc.datasource.init.ScriptUtils.executeSqlScript(ScriptUtils.java:622)
	at org.springframework.jdbc.datasource.init.ResourceDatabasePopulator.populate(ResourceDatabasePopulator.java:254)
	at org.springframework.jdbc.datasource.init.DatabasePopulatorUtils.execute(DatabasePopulatorUtils.java:49)
	at org.springframework.boot.autoconfigure.jdbc.DataSourceInitializer.runScripts(DataSourceInitializer.java:202)
	at org.springframework.boot.autoconfigure.jdbc.DataSourceInitializer.initSchema(DataSourceInitializer.java:119)
	at org.springframework.boot.autoconfigure.jdbc.DataSourceInitializerInvoker.onApplicationEvent(DataSourceInitializerInvoker.java:91)
	at org.springframework.boot.autoconfigure.jdbc.DataSourceInitializerInvoker.onApplicationEvent(DataSourceInitializerInvoker.java:38)
	at org.springframework.context.event.SimpleApplicationEventMulticaster.doInvokeListener(SimpleApplicationEventMulticaster.java:176)
	at org.springframework.context.event.SimpleApplicationEventMulticaster.invokeListener(SimpleApplicationEventMulticaster.java:169)
	at org.springframework.context.event.SimpleApplicationEventMulticaster.multicastEvent(SimpleApplicationEventMulticaster.java:143)
	at org.springframework.context.support.AbstractApplicationContext.publishEvent(AbstractApplicationContext.java:426)
	at org.springframework.context.support.AbstractApplicationContext.publishEvent(AbstractApplicationContext.java:383)
	at org.springframework.boot.autoconfigure.orm.jpa.DataSourceInitializedPublisher.publishEventIfRequired(DataSourceInitializedPublisher.java:110)
	at org.springframework.boot.autoconfigure.orm.jpa.DataSourceInitializedPublisher.postProcessAfterInitialization(DataSourceInitializedPublisher.java:101)
	at org.springframework.beans.factory.support.AbstractAutowireCapableBeanFactory.applyBeanPostProcessorsAfterInitialization(AbstractAutowireCapableBeanFactory.java:444)
	at org.springframework.beans.factory.support.AbstractAutowireCapableBeanFactory.initializeBean(AbstractAutowireCapableBeanFactory.java:1792)
	at org.springframework.beans.factory.support.AbstractAutowireCapableBeanFactory.doCreateBean(AbstractAutowireCapableBeanFactory.java:609)
	... 21 common frames omitted
Caused by: org.h2.jdbc.JdbcSQLSyntaxErrorException: Syntax error in SQL statement "INSERT INTO PENSIONER (AADHAR, NAME, DOB, PAN,SALARY,ALLOWANCES,PENSION,BANK,ACCNUMBER,BANKTYPE) VALUES (654738376757,'Rupitha','1997-01-30','LSAHC9838F',87000,8000,'self','ICICI',9128465730,'private') INSERT[*] INTO PENSIONER (AADHAR, NAME, DOB, PAN,SALARY,ALLOWANCES,PENSION,BANK,ACCNUMBER,BANKTYPE) VALUES (656756476757,'Vaijayanthi','1999-12-26','KWSCG53871',27000,10000,'family','SBI',6712893450,'public')"; SQL statement:
insert into pensioner (aadhar, name, dob, pan,salary,allowances,pension,bank,accnumber,banktype) values (654738376757,'Rupitha','1997-01-30','LSAHC9838F',87000,8000,'self','ICICI',9128465730,'private') insert into pensioner (aadhar, name, dob, pan,salary,allowances,pension,bank,accnumber,banktype) values (656756476757,'Vaijayanthi','1999-12-26','KWSCG53871',27000,10000,'family','SBI',6712893450,'public') [42000-200]
	at org.h2.message.DbException.getJdbcSQLException(DbException.java:453)
	at org.h2.message.DbException.getJdbcSQLException(DbException.java:429)
	at org.h2.message.DbException.get(DbException.java:205)
	at org.h2.message.DbException.get(DbException.java:181)
	at org.h2.message.DbException.getSyntaxError(DbException.java:229)
	at org.h2.command.Parser.getSyntaxError(Parser.java:1051)
	at org.h2.command.Parser.prepareCommand(Parser.java:741)
	at org.h2.engine.Session.prepareLocal(Session.java:657)
	at org.h2.engine.Session.prepareCommand(Session.java:595)
	at org.h2.jdbc.JdbcConnection.prepareCommand(JdbcConnection.java:1235)
	at org.h2.jdbc.JdbcStatement.executeInternal(JdbcStatement.java:212)
	at org.h2.jdbc.JdbcStatement.execute(JdbcStatement.java:201)
	at com.zaxxer.hikari.pool.ProxyStatement.execute(ProxyStatement.java:95)
	at com.zaxxer.hikari.pool.HikariProxyStatement.execute(HikariProxyStatement.java)
	at org.springframework.jdbc.datasource.init.ScriptUtils.executeSqlScript(ScriptUtils.java:601)
	... 37 common frames omitted
2022-05-01_18-35-42 [restartedMain] ERROR o.s.boot.SpringApplication - Application run failed
org.springframework.beans.factory.BeanCreationException: Error creating bean with name 'entityManagerFactory' defined in class path resource [org/springframework/boot/autoconfigure/orm/jpa/HibernateJpaConfiguration.class]: Initialization of bean failed; nested exception is org.springframework.jdbc.datasource.init.ScriptStatementFailedException: Failed to execute SQL script statement #10 of URL [file:/C:/Users/HP/Downloads/Pension-Management-System-main/Pension-Management-System-main/PensionerDetail-Microservice/target/classes/data.sql]: insert into pensioner (aadhar, name, dob, pan,salary,allowances,pension,bank,accnumber,banktype) values (654738376757,'Rupitha','1997-01-30','LSAHC9838F',87000,8000,'self','ICICI',9128465730,'private') insert into pensioner (aadhar, name, dob, pan,salary,allowances,pension,bank,accnumber,banktype) values (656756476757,'Vaijayanthi','1999-12-26','KWSCG53871',27000,10000,'family','SBI',6712893450,'public'); nested exception is org.h2.jdbc.JdbcSQLSyntaxErrorException: Syntax error in SQL statement "INSERT INTO PENSIONER (AADHAR, NAME, DOB, PAN,SALARY,ALLOWANCES,PENSION,BANK,ACCNUMBER,BANKTYPE) VALUES (654738376757,'Rupitha','1997-01-30','LSAHC9838F',87000,8000,'self','ICICI',9128465730,'private') INSERT[*] INTO PENSIONER (AADHAR, NAME, DOB, PAN,SALARY,ALLOWANCES,PENSION,BANK,ACCNUMBER,BANKTYPE) VALUES (656756476757,'Vaijayanthi','1999-12-26','KWSCG53871',27000,10000,'family','SBI',6712893450,'public')"; SQL statement:
insert into pensioner (aadhar, name, dob, pan,salary,allowances,pension,bank,accnumber,banktype) values (654738376757,'Rupitha','1997-01-30','LSAHC9838F',87000,8000,'self','ICICI',9128465730,'private') insert into pensioner (aadhar, name, dob, pan,salary,allowances,pension,bank,accnumber,banktype) values (656756476757,'Vaijayanthi','1999-12-26','KWSCG53871',27000,10000,'family','SBI',6712893450,'public') [42000-200]
	at org.springframework.beans.factory.support.AbstractAutowireCapableBeanFactory.doCreateBean(AbstractAutowireCapableBeanFactory.java:617)
	at org.springframework.beans.factory.support.AbstractAutowireCapableBeanFactory.createBean(AbstractAutowireCapableBeanFactory.java:531)
	at org.springframework.beans.factory.support.AbstractBeanFactory.lambda$doGetBean$0(AbstractBeanFactory.java:335)
	at org.springframework.beans.factory.support.DefaultSingletonBeanRegistry.getSingleton(DefaultSingletonBeanRegistry.java:234)
	at org.springframework.beans.factory.support.AbstractBeanFactory.doGetBean(AbstractBeanFactory.java:333)
	at org.springframework.beans.factory.support.AbstractBeanFactory.getBean(AbstractBeanFactory.java:208)
	at org.springframework.context.support.AbstractApplicationContext.getBean(AbstractApplicationContext.java:1159)
	at org.springframework.context.support.AbstractApplicationContext.finishBeanFactoryInitialization(AbstractApplicationContext.java:913)
	at org.springframework.context.support.AbstractApplicationContext.refresh(AbstractApplicationContext.java:588)
	at org.springframework.boot.web.servlet.context.ServletWebServerApplicationContext.refresh(ServletWebServerApplicationContext.java:144)
	at org.springframework.boot.SpringApplication.refresh(SpringApplication.java:767)
	at org.springframework.boot.SpringApplication.refresh(SpringApplication.java:759)
	at org.springframework.boot.SpringApplication.refreshContext(SpringApplication.java:426)
	at org.springframework.boot.SpringApplication.run(SpringApplication.java:326)
	at org.springframework.boot.SpringApplication.run(SpringApplication.java:1311)
	at org.springframework.boot.SpringApplication.run(SpringApplication.java:1300)
	at com.cts.pensioner.detail.PensionerDetailMicroserviceApplication.main(PensionerDetailMicroserviceApplication.java:12)
	at sun.reflect.NativeMethodAccessorImpl.invoke0(Native Method)
	at sun.reflect.NativeMethodAccessorImpl.invoke(Unknown Source)
	at sun.reflect.DelegatingMethodAccessorImpl.invoke(Unknown Source)
	at java.lang.reflect.Method.invoke(Unknown Source)
	at org.springframework.boot.devtools.restart.RestartLauncher.run(RestartLauncher.java:49)
Caused by: org.springframework.jdbc.datasource.init.ScriptStatementFailedException: Failed to execute SQL script statement #10 of URL [file:/C:/Users/HP/Downloads/Pension-Management-System-main/Pension-Management-System-main/PensionerDetail-Microservice/target/classes/data.sql]: insert into pensioner (aadhar, name, dob, pan,salary,allowances,pension,bank,accnumber,banktype) values (654738376757,'Rupitha','1997-01-30','LSAHC9838F',87000,8000,'self','ICICI',9128465730,'private') insert into pensioner (aadhar, name, dob, pan,salary,allowances,pension,bank,accnumber,banktype) values (656756476757,'Vaijayanthi','1999-12-26','KWSCG53871',27000,10000,'family','SBI',6712893450,'public'); nested exception is org.h2.jdbc.JdbcSQLSyntaxErrorException: Syntax error in SQL statement "INSERT INTO PENSIONER (AADHAR, NAME, DOB, PAN,SALARY,ALLOWANCES,PENSION,BANK,ACCNUMBER,BANKTYPE) VALUES (654738376757,'Rupitha','1997-01-30','LSAHC9838F',87000,8000,'self','ICICI',9128465730,'private') INSERT[*] INTO PENSIONER (AADHAR, NAME, DOB, PAN,SALARY,ALLOWANCES,PENSION,BANK,ACCNUMBER,BANKTYPE) VALUES (656756476757,'Vaijayanthi','1999-12-26','KWSCG53871',27000,10000,'family','SBI',6712893450,'public')"; SQL statement:
insert into pensioner (aadhar, name, dob, pan,salary,allowances,pension,bank,accnumber,banktype) values (654738376757,'Rupitha','1997-01-30','LSAHC9838F',87000,8000,'self','ICICI',9128465730,'private') insert into pensioner (aadhar, name, dob, pan,salary,allowances,pension,bank,accnumber,banktype) values (656756476757,'Vaijayanthi','1999-12-26','KWSCG53871',27000,10000,'family','SBI',6712893450,'public') [42000-200]
	at org.springframework.jdbc.datasource.init.ScriptUtils.executeSqlScript(ScriptUtils.java:622)
	at org.springframework.jdbc.datasource.init.ResourceDatabasePopulator.populate(ResourceDatabasePopulator.java:254)
	at org.springframework.jdbc.datasource.init.DatabasePopulatorUtils.execute(DatabasePopulatorUtils.java:49)
	at org.springframework.boot.autoconfigure.jdbc.DataSourceInitializer.runScripts(DataSourceInitializer.java:202)
	at org.springframework.boot.autoconfigure.jdbc.DataSourceInitializer.initSchema(DataSourceInitializer.java:119)
	at org.springframework.boot.autoconfigure.jdbc.DataSourceInitializerInvoker.onApplicationEvent(DataSourceInitializerInvoker.java:91)
	at org.springframework.boot.autoconfigure.jdbc.DataSourceInitializerInvoker.onApplicationEvent(DataSourceInitializerInvoker.java:38)
	at org.springframework.context.event.SimpleApplicationEventMulticaster.doInvokeListener(SimpleApplicationEventMulticaster.java:176)
	at org.springframework.context.event.SimpleApplicationEventMulticaster.invokeListener(SimpleApplicationEventMulticaster.java:169)
	at org.springframework.context.event.SimpleApplicationEventMulticaster.multicastEvent(SimpleApplicationEventMulticaster.java:143)
	at org.springframework.context.support.AbstractApplicationContext.publishEvent(AbstractApplicationContext.java:426)
	at org.springframework.context.support.AbstractApplicationContext.publishEvent(AbstractApplicationContext.java:383)
	at org.springframework.boot.autoconfigure.orm.jpa.DataSourceInitializedPublisher.publishEventIfRequired(DataSourceInitializedPublisher.java:110)
	at org.springframework.boot.autoconfigure.orm.jpa.DataSourceInitializedPublisher.postProcessAfterInitialization(DataSourceInitializedPublisher.java:101)
	at org.springframework.beans.factory.support.AbstractAutowireCapableBeanFactory.applyBeanPostProcessorsAfterInitialization(AbstractAutowireCapableBeanFactory.java:444)
	at org.springframework.beans.factory.support.AbstractAutowireCapableBeanFactory.initializeBean(AbstractAutowireCapableBeanFactory.java:1792)
	at org.springframework.beans.factory.support.AbstractAutowireCapableBeanFactory.doCreateBean(AbstractAutowireCapableBeanFactory.java:609)
	... 21 common frames omitted
Caused by: org.h2.jdbc.JdbcSQLSyntaxErrorException: Syntax error in SQL statement "INSERT INTO PENSIONER (AADHAR, NAME, DOB, PAN,SALARY,ALLOWANCES,PENSION,BANK,ACCNUMBER,BANKTYPE) VALUES (654738376757,'Rupitha','1997-01-30','LSAHC9838F',87000,8000,'self','ICICI',9128465730,'private') INSERT[*] INTO PENSIONER (AADHAR, NAME, DOB, PAN,SALARY,ALLOWANCES,PENSION,BANK,ACCNUMBER,BANKTYPE) VALUES (656756476757,'Vaijayanthi','1999-12-26','KWSCG53871',27000,10000,'family','SBI',6712893450,'public')"; SQL statement:
insert into pensioner (aadhar, name, dob, pan,salary,allowances,pension,bank,accnumber,banktype) values (654738376757,'Rupitha','1997-01-30','LSAHC9838F',87000,8000,'self','ICICI',9128465730,'private') insert into pensioner (aadhar, name, dob, pan,salary,allowances,pension,bank,accnumber,banktype) values (656756476757,'Vaijayanthi','1999-12-26','KWSCG53871',27000,10000,'family','SBI',6712893450,'public') [42000-200]
	at org.h2.message.DbException.getJdbcSQLException(DbException.java:453)
	at org.h2.message.DbException.getJdbcSQLException(DbException.java:429)
	at org.h2.message.DbException.get(DbException.java:205)
	at org.h2.message.DbException.get(DbException.java:181)
	at org.h2.message.DbException.getSyntaxError(DbException.java:229)
	at org.h2.command.Parser.getSyntaxError(Parser.java:1051)
	at org.h2.command.Parser.prepareCommand(Parser.java:741)
	at org.h2.engine.Session.prepareLocal(Session.java:657)
	at org.h2.engine.Session.prepareCommand(Session.java:595)
	at org.h2.jdbc.JdbcConnection.prepareCommand(JdbcConnection.java:1235)
	at org.h2.jdbc.JdbcStatement.executeInternal(JdbcStatement.java:212)
	at org.h2.jdbc.JdbcStatement.execute(JdbcStatement.java:201)
	at com.zaxxer.hikari.pool.ProxyStatement.execute(ProxyStatement.java:95)
	at com.zaxxer.hikari.pool.HikariProxyStatement.execute(HikariProxyStatement.java)
	at org.springframework.jdbc.datasource.init.ScriptUtils.executeSqlScript(ScriptUtils.java:601)
	... 37 common frames omitted
2022-05-01_18-41-01 [restartedMain] ERROR o.s.boot.SpringApplication - Application run failed
org.springframework.beans.factory.BeanCreationException: Error creating bean with name 'entityManagerFactory' defined in class path resource [org/springframework/boot/autoconfigure/orm/jpa/HibernateJpaConfiguration.class]: Initialization of bean failed; nested exception is org.springframework.jdbc.datasource.init.ScriptStatementFailedException: Failed to execute SQL script statement #10 of URL [file:/C:/Users/HP/Downloads/Pension-Management-System-main/Pension-Management-System-main/PensionerDetail-Microservice/target/classes/data.sql]: insert into pensioner (aadhar, name, dob, pan,salary,allowances,pension,bank,accnumber,banktype) values (654738376757,'Rupitha','1997-01-30','LSAHC9838F',87000,8000,'self','ICICI',9128465730,'private') insert into pensioner (aadhar, name, dob, pan,salary,allowances,pension,bank,accnumber,banktype) values (656756476757,'Vaijayanthi','1999-12-26','KWSCG53871',27000,10000,'family','SBI',6712893450,'public'); nested exception is org.h2.jdbc.JdbcSQLSyntaxErrorException: Syntax error in SQL statement "INSERT INTO PENSIONER (AADHAR, NAME, DOB, PAN,SALARY,ALLOWANCES,PENSION,BANK,ACCNUMBER,BANKTYPE) VALUES (654738376757,'Rupitha','1997-01-30','LSAHC9838F',87000,8000,'self','ICICI',9128465730,'private') INSERT[*] INTO PENSIONER (AADHAR, NAME, DOB, PAN,SALARY,ALLOWANCES,PENSION,BANK,ACCNUMBER,BANKTYPE) VALUES (656756476757,'Vaijayanthi','1999-12-26','KWSCG53871',27000,10000,'family','SBI',6712893450,'public')"; SQL statement:
insert into pensioner (aadhar, name, dob, pan,salary,allowances,pension,bank,accnumber,banktype) values (654738376757,'Rupitha','1997-01-30','LSAHC9838F',87000,8000,'self','ICICI',9128465730,'private') insert into pensioner (aadhar, name, dob, pan,salary,allowances,pension,bank,accnumber,banktype) values (656756476757,'Vaijayanthi','1999-12-26','KWSCG53871',27000,10000,'family','SBI',6712893450,'public') [42000-200]
	at org.springframework.beans.factory.support.AbstractAutowireCapableBeanFactory.doCreateBean(AbstractAutowireCapableBeanFactory.java:617)
	at org.springframework.beans.factory.support.AbstractAutowireCapableBeanFactory.createBean(AbstractAutowireCapableBeanFactory.java:531)
	at org.springframework.beans.factory.support.AbstractBeanFactory.lambda$doGetBean$0(AbstractBeanFactory.java:335)
	at org.springframework.beans.factory.support.DefaultSingletonBeanRegistry.getSingleton(DefaultSingletonBeanRegistry.java:234)
	at org.springframework.beans.factory.support.AbstractBeanFactory.doGetBean(AbstractBeanFactory.java:333)
	at org.springframework.beans.factory.support.AbstractBeanFactory.getBean(AbstractBeanFactory.java:208)
	at org.springframework.context.support.AbstractApplicationContext.getBean(AbstractApplicationContext.java:1159)
	at org.springframework.context.support.AbstractApplicationContext.finishBeanFactoryInitialization(AbstractApplicationContext.java:913)
	at org.springframework.context.support.AbstractApplicationContext.refresh(AbstractApplicationContext.java:588)
	at org.springframework.boot.web.servlet.context.ServletWebServerApplicationContext.refresh(ServletWebServerApplicationContext.java:144)
	at org.springframework.boot.SpringApplication.refresh(SpringApplication.java:767)
	at org.springframework.boot.SpringApplication.refresh(SpringApplication.java:759)
	at org.springframework.boot.SpringApplication.refreshContext(SpringApplication.java:426)
	at org.springframework.boot.SpringApplication.run(SpringApplication.java:326)
	at org.springframework.boot.SpringApplication.run(SpringApplication.java:1311)
	at org.springframework.boot.SpringApplication.run(SpringApplication.java:1300)
	at com.cts.pensioner.detail.PensionerDetailMicroserviceApplication.main(PensionerDetailMicroserviceApplication.java:12)
	at sun.reflect.NativeMethodAccessorImpl.invoke0(Native Method)
	at sun.reflect.NativeMethodAccessorImpl.invoke(Unknown Source)
	at sun.reflect.DelegatingMethodAccessorImpl.invoke(Unknown Source)
	at java.lang.reflect.Method.invoke(Unknown Source)
	at org.springframework.boot.devtools.restart.RestartLauncher.run(RestartLauncher.java:49)
Caused by: org.springframework.jdbc.datasource.init.ScriptStatementFailedException: Failed to execute SQL script statement #10 of URL [file:/C:/Users/HP/Downloads/Pension-Management-System-main/Pension-Management-System-main/PensionerDetail-Microservice/target/classes/data.sql]: insert into pensioner (aadhar, name, dob, pan,salary,allowances,pension,bank,accnumber,banktype) values (654738376757,'Rupitha','1997-01-30','LSAHC9838F',87000,8000,'self','ICICI',9128465730,'private') insert into pensioner (aadhar, name, dob, pan,salary,allowances,pension,bank,accnumber,banktype) values (656756476757,'Vaijayanthi','1999-12-26','KWSCG53871',27000,10000,'family','SBI',6712893450,'public'); nested exception is org.h2.jdbc.JdbcSQLSyntaxErrorException: Syntax error in SQL statement "INSERT INTO PENSIONER (AADHAR, NAME, DOB, PAN,SALARY,ALLOWANCES,PENSION,BANK,ACCNUMBER,BANKTYPE) VALUES (654738376757,'Rupitha','1997-01-30','LSAHC9838F',87000,8000,'self','ICICI',9128465730,'private') INSERT[*] INTO PENSIONER (AADHAR, NAME, DOB, PAN,SALARY,ALLOWANCES,PENSION,BANK,ACCNUMBER,BANKTYPE) VALUES (656756476757,'Vaijayanthi','1999-12-26','KWSCG53871',27000,10000,'family','SBI',6712893450,'public')"; SQL statement:
insert into pensioner (aadhar, name, dob, pan,salary,allowances,pension,bank,accnumber,banktype) values (654738376757,'Rupitha','1997-01-30','LSAHC9838F',87000,8000,'self','ICICI',9128465730,'private') insert into pensioner (aadhar, name, dob, pan,salary,allowances,pension,bank,accnumber,banktype) values (656756476757,'Vaijayanthi','1999-12-26','KWSCG53871',27000,10000,'family','SBI',6712893450,'public') [42000-200]
	at org.springframework.jdbc.datasource.init.ScriptUtils.executeSqlScript(ScriptUtils.java:622)
	at org.springframework.jdbc.datasource.init.ResourceDatabasePopulator.populate(ResourceDatabasePopulator.java:254)
	at org.springframework.jdbc.datasource.init.DatabasePopulatorUtils.execute(DatabasePopulatorUtils.java:49)
	at org.springframework.boot.autoconfigure.jdbc.DataSourceInitializer.runScripts(DataSourceInitializer.java:202)
	at org.springframework.boot.autoconfigure.jdbc.DataSourceInitializer.initSchema(DataSourceInitializer.java:119)
	at org.springframework.boot.autoconfigure.jdbc.DataSourceInitializerInvoker.onApplicationEvent(DataSourceInitializerInvoker.java:91)
	at org.springframework.boot.autoconfigure.jdbc.DataSourceInitializerInvoker.onApplicationEvent(DataSourceInitializerInvoker.java:38)
	at org.springframework.context.event.SimpleApplicationEventMulticaster.doInvokeListener(SimpleApplicationEventMulticaster.java:176)
	at org.springframework.context.event.SimpleApplicationEventMulticaster.invokeListener(SimpleApplicationEventMulticaster.java:169)
	at org.springframework.context.event.SimpleApplicationEventMulticaster.multicastEvent(SimpleApplicationEventMulticaster.java:143)
	at org.springframework.context.support.AbstractApplicationContext.publishEvent(AbstractApplicationContext.java:426)
	at org.springframework.context.support.AbstractApplicationContext.publishEvent(AbstractApplicationContext.java:383)
	at org.springframework.boot.autoconfigure.orm.jpa.DataSourceInitializedPublisher.publishEventIfRequired(DataSourceInitializedPublisher.java:110)
	at org.springframework.boot.autoconfigure.orm.jpa.DataSourceInitializedPublisher.postProcessAfterInitialization(DataSourceInitializedPublisher.java:101)
	at org.springframework.beans.factory.support.AbstractAutowireCapableBeanFactory.applyBeanPostProcessorsAfterInitialization(AbstractAutowireCapableBeanFactory.java:444)
	at org.springframework.beans.factory.support.AbstractAutowireCapableBeanFactory.initializeBean(AbstractAutowireCapableBeanFactory.java:1792)
	at org.springframework.beans.factory.support.AbstractAutowireCapableBeanFactory.doCreateBean(AbstractAutowireCapableBeanFactory.java:609)
	... 21 common frames omitted
Caused by: org.h2.jdbc.JdbcSQLSyntaxErrorException: Syntax error in SQL statement "INSERT INTO PENSIONER (AADHAR, NAME, DOB, PAN,SALARY,ALLOWANCES,PENSION,BANK,ACCNUMBER,BANKTYPE) VALUES (654738376757,'Rupitha','1997-01-30','LSAHC9838F',87000,8000,'self','ICICI',9128465730,'private') INSERT[*] INTO PENSIONER (AADHAR, NAME, DOB, PAN,SALARY,ALLOWANCES,PENSION,BANK,ACCNUMBER,BANKTYPE) VALUES (656756476757,'Vaijayanthi','1999-12-26','KWSCG53871',27000,10000,'family','SBI',6712893450,'public')"; SQL statement:
insert into pensioner (aadhar, name, dob, pan,salary,allowances,pension,bank,accnumber,banktype) values (654738376757,'Rupitha','1997-01-30','LSAHC9838F',87000,8000,'self','ICICI',9128465730,'private') insert into pensioner (aadhar, name, dob, pan,salary,allowances,pension,bank,accnumber,banktype) values (656756476757,'Vaijayanthi','1999-12-26','KWSCG53871',27000,10000,'family','SBI',6712893450,'public') [42000-200]
	at org.h2.message.DbException.getJdbcSQLException(DbException.java:453)
	at org.h2.message.DbException.getJdbcSQLException(DbException.java:429)
	at org.h2.message.DbException.get(DbException.java:205)
	at org.h2.message.DbException.get(DbException.java:181)
	at org.h2.message.DbException.getSyntaxError(DbException.java:229)
	at org.h2.command.Parser.getSyntaxError(Parser.java:1051)
	at org.h2.command.Parser.prepareCommand(Parser.java:741)
	at org.h2.engine.Session.prepareLocal(Session.java:657)
	at org.h2.engine.Session.prepareCommand(Session.java:595)
	at org.h2.jdbc.JdbcConnection.prepareCommand(JdbcConnection.java:1235)
	at org.h2.jdbc.JdbcStatement.executeInternal(JdbcStatement.java:212)
	at org.h2.jdbc.JdbcStatement.execute(JdbcStatement.java:201)
	at com.zaxxer.hikari.pool.ProxyStatement.execute(ProxyStatement.java:95)
	at com.zaxxer.hikari.pool.HikariProxyStatement.execute(HikariProxyStatement.java)
	at org.springframework.jdbc.datasource.init.ScriptUtils.executeSqlScript(ScriptUtils.java:601)
	... 37 common frames omitted
2022-05-01_18-42-58 [restartedMain] ERROR o.s.boot.SpringApplication - Application run failed
org.springframework.beans.factory.BeanCreationException: Error creating bean with name 'entityManagerFactory' defined in class path resource [org/springframework/boot/autoconfigure/orm/jpa/HibernateJpaConfiguration.class]: Initialization of bean failed; nested exception is org.springframework.jdbc.datasource.init.ScriptStatementFailedException: Failed to execute SQL script statement #14 of URL [file:/C:/Users/HP/Downloads/Pension-Management-System-main/Pension-Management-System-main/PensionerDetail-Microservice/target/classes/data.sql]: insert into pensioner (aadhar, name, dob, pan,salary,allowances,pension,bank,accnumber,banktype) values (342567345637,'Sandhya','1997-02-10','MKHSW92134',63000,9000,'self','central bank',7123645891,'public'); nested exception is org.h2.jdbc.JdbcSQLIntegrityConstraintViolationException: Unique index or primary key violation: "PRIMARY KEY ON PUBLIC.PENSIONER(AADHAR) [342567345637, '8621839471', 12002.0, 'SBI', 'private', DATE '1998-09-20', 'Vinothini', 'NSGEV1647', 'family', 40000.0]"; SQL statement:
insert into pensioner (aadhar, name, dob, pan,salary,allowances,pension,bank,accnumber,banktype) values (342567345637,'Sandhya','1997-02-10','MKHSW92134',63000,9000,'self','central bank',7123645891,'public') [23505-200]
	at org.springframework.beans.factory.support.AbstractAutowireCapableBeanFactory.doCreateBean(AbstractAutowireCapableBeanFactory.java:617)
	at org.springframework.beans.factory.support.AbstractAutowireCapableBeanFactory.createBean(AbstractAutowireCapableBeanFactory.java:531)
	at org.springframework.beans.factory.support.AbstractBeanFactory.lambda$doGetBean$0(AbstractBeanFactory.java:335)
	at org.springframework.beans.factory.support.DefaultSingletonBeanRegistry.getSingleton(DefaultSingletonBeanRegistry.java:234)
	at org.springframework.beans.factory.support.AbstractBeanFactory.doGetBean(AbstractBeanFactory.java:333)
	at org.springframework.beans.factory.support.AbstractBeanFactory.getBean(AbstractBeanFactory.java:208)
	at org.springframework.context.support.AbstractApplicationContext.getBean(AbstractApplicationContext.java:1159)
	at org.springframework.context.support.AbstractApplicationContext.finishBeanFactoryInitialization(AbstractApplicationContext.java:913)
	at org.springframework.context.support.AbstractApplicationContext.refresh(AbstractApplicationContext.java:588)
	at org.springframework.boot.web.servlet.context.ServletWebServerApplicationContext.refresh(ServletWebServerApplicationContext.java:144)
	at org.springframework.boot.SpringApplication.refresh(SpringApplication.java:767)
	at org.springframework.boot.SpringApplication.refresh(SpringApplication.java:759)
	at org.springframework.boot.SpringApplication.refreshContext(SpringApplication.java:426)
	at org.springframework.boot.SpringApplication.run(SpringApplication.java:326)
	at org.springframework.boot.SpringApplication.run(SpringApplication.java:1311)
	at org.springframework.boot.SpringApplication.run(SpringApplication.java:1300)
	at com.cts.pensioner.detail.PensionerDetailMicroserviceApplication.main(PensionerDetailMicroserviceApplication.java:12)
	at sun.reflect.NativeMethodAccessorImpl.invoke0(Native Method)
	at sun.reflect.NativeMethodAccessorImpl.invoke(Unknown Source)
	at sun.reflect.DelegatingMethodAccessorImpl.invoke(Unknown Source)
	at java.lang.reflect.Method.invoke(Unknown Source)
	at org.springframework.boot.devtools.restart.RestartLauncher.run(RestartLauncher.java:49)
Caused by: org.springframework.jdbc.datasource.init.ScriptStatementFailedException: Failed to execute SQL script statement #14 of URL [file:/C:/Users/HP/Downloads/Pension-Management-System-main/Pension-Management-System-main/PensionerDetail-Microservice/target/classes/data.sql]: insert into pensioner (aadhar, name, dob, pan,salary,allowances,pension,bank,accnumber,banktype) values (342567345637,'Sandhya','1997-02-10','MKHSW92134',63000,9000,'self','central bank',7123645891,'public'); nested exception is org.h2.jdbc.JdbcSQLIntegrityConstraintViolationException: Unique index or primary key violation: "PRIMARY KEY ON PUBLIC.PENSIONER(AADHAR) [342567345637, '8621839471', 12002.0, 'SBI', 'private', DATE '1998-09-20', 'Vinothini', 'NSGEV1647', 'family', 40000.0]"; SQL statement:
insert into pensioner (aadhar, name, dob, pan,salary,allowances,pension,bank,accnumber,banktype) values (342567345637,'Sandhya','1997-02-10','MKHSW92134',63000,9000,'self','central bank',7123645891,'public') [23505-200]
	at org.springframework.jdbc.datasource.init.ScriptUtils.executeSqlScript(ScriptUtils.java:622)
	at org.springframework.jdbc.datasource.init.ResourceDatabasePopulator.populate(ResourceDatabasePopulator.java:254)
	at org.springframework.jdbc.datasource.init.DatabasePopulatorUtils.execute(DatabasePopulatorUtils.java:49)
	at org.springframework.boot.autoconfigure.jdbc.DataSourceInitializer.runScripts(DataSourceInitializer.java:202)
	at org.springframework.boot.autoconfigure.jdbc.DataSourceInitializer.initSchema(DataSourceInitializer.java:119)
	at org.springframework.boot.autoconfigure.jdbc.DataSourceInitializerInvoker.onApplicationEvent(DataSourceInitializerInvoker.java:91)
	at org.springframework.boot.autoconfigure.jdbc.DataSourceInitializerInvoker.onApplicationEvent(DataSourceInitializerInvoker.java:38)
	at org.springframework.context.event.SimpleApplicationEventMulticaster.doInvokeListener(SimpleApplicationEventMulticaster.java:176)
	at org.springframework.context.event.SimpleApplicationEventMulticaster.invokeListener(SimpleApplicationEventMulticaster.java:169)
	at org.springframework.context.event.SimpleApplicationEventMulticaster.multicastEvent(SimpleApplicationEventMulticaster.java:143)
	at org.springframework.context.support.AbstractApplicationContext.publishEvent(AbstractApplicationContext.java:426)
	at org.springframework.context.support.AbstractApplicationContext.publishEvent(AbstractApplicationContext.java:383)
	at org.springframework.boot.autoconfigure.orm.jpa.DataSourceInitializedPublisher.publishEventIfRequired(DataSourceInitializedPublisher.java:110)
	at org.springframework.boot.autoconfigure.orm.jpa.DataSourceInitializedPublisher.postProcessAfterInitialization(DataSourceInitializedPublisher.java:101)
	at org.springframework.beans.factory.support.AbstractAutowireCapableBeanFactory.applyBeanPostProcessorsAfterInitialization(AbstractAutowireCapableBeanFactory.java:444)
	at org.springframework.beans.factory.support.AbstractAutowireCapableBeanFactory.initializeBean(AbstractAutowireCapableBeanFactory.java:1792)
	at org.springframework.beans.factory.support.AbstractAutowireCapableBeanFactory.doCreateBean(AbstractAutowireCapableBeanFactory.java:609)
	... 21 common frames omitted
Caused by: org.h2.jdbc.JdbcSQLIntegrityConstraintViolationException: Unique index or primary key violation: "PRIMARY KEY ON PUBLIC.PENSIONER(AADHAR) [342567345637, '8621839471', 12002.0, 'SBI', 'private', DATE '1998-09-20', 'Vinothini', 'NSGEV1647', 'family', 40000.0]"; SQL statement:
insert into pensioner (aadhar, name, dob, pan,salary,allowances,pension,bank,accnumber,banktype) values (342567345637,'Sandhya','1997-02-10','MKHSW92134',63000,9000,'self','central bank',7123645891,'public') [23505-200]
	at org.h2.message.DbException.getJdbcSQLException(DbException.java:459)
	at org.h2.message.DbException.getJdbcSQLException(DbException.java:429)
	at org.h2.message.DbException.get(DbException.java:205)
	at org.h2.message.DbException.get(DbException.java:181)
	at org.h2.mvstore.db.MVPrimaryIndex.add(MVPrimaryIndex.java:127)
	at org.h2.mvstore.db.MVTable.addRow(MVTable.java:531)
	at org.h2.command.dml.Insert.insertRows(Insert.java:195)
	at org.h2.command.dml.Insert.update(Insert.java:151)
	at org.h2.command.CommandContainer.update(CommandContainer.java:198)
	at org.h2.command.Command.executeUpdate(Command.java:251)
	at org.h2.jdbc.JdbcStatement.executeInternal(JdbcStatement.java:228)
	at org.h2.jdbc.JdbcStatement.execute(JdbcStatement.java:201)
	at com.zaxxer.hikari.pool.ProxyStatement.execute(ProxyStatement.java:95)
	at com.zaxxer.hikari.pool.HikariProxyStatement.execute(HikariProxyStatement.java)
	at org.springframework.jdbc.datasource.init.ScriptUtils.executeSqlScript(ScriptUtils.java:601)
	... 37 common frames omitted
